2017-05-24T13:18:27+00:00 INFO Queuing 3.0.0 - wc_update_300_webhooks
2017-05-24T13:18:27+00:00 INFO Queuing 3.0.0 - wc_update_300_grouped_products
2017-05-24T13:18:27+00:00 INFO Queuing 3.0.0 - wc_update_300_settings
2017-05-24T13:18:27+00:00 INFO Queuing 3.0.0 - wc_update_300_product_visibility
2017-05-24T13:18:27+00:00 INFO Queuing 3.0.0 - wc_update_300_db_version
2017-05-24T13:18:44+00:00 INFO Running wc_update_300_webhooks callback
2017-05-24T13:18:44+00:00 INFO Finished wc_update_300_webhooks callback
2017-05-24T13:18:44+00:00 INFO Running wc_update_300_grouped_products callback
2017-05-24T13:18:44+00:00 INFO Finished wc_update_300_grouped_products callback
2017-05-24T13:18:44+00:00 INFO Running wc_update_300_settings callback
2017-05-24T13:18:44+00:00 INFO Finished wc_update_300_settings callback
2017-05-24T13:18:44+00:00 INFO Running wc_update_300_product_visibility callback
2017-05-24T13:18:44+00:00 INFO Finished wc_update_300_product_visibility callback
2017-05-24T13:18:44+00:00 INFO Running wc_update_300_db_version callback
2017-05-24T13:18:44+00:00 INFO Finished wc_update_300_db_version callback
2017-05-24T13:18:44+00:00 INFO Data update complete
2017-05-24T15:19:33+00:00 INFO Queuing 3.0.0 - wc_update_300_webhooks
2017-05-24T15:19:33+00:00 INFO Queuing 3.0.0 - wc_update_300_grouped_products
2017-05-24T15:19:33+00:00 INFO Queuing 3.0.0 - wc_update_300_settings
2017-05-24T15:19:33+00:00 INFO Queuing 3.0.0 - wc_update_300_product_visibility
2017-05-24T15:19:33+00:00 INFO Queuing 3.0.0 - wc_update_300_db_version
2017-05-24T15:19:50+00:00 INFO Running wc_update_300_webhooks callback
2017-05-24T15:19:50+00:00 INFO Finished wc_update_300_webhooks callback
2017-05-24T15:19:50+00:00 INFO Running wc_update_300_grouped_products callback
2017-05-24T15:19:50+00:00 INFO Finished wc_update_300_grouped_products callback
2017-05-24T15:19:50+00:00 INFO Running wc_update_300_settings callback
2017-05-24T15:19:50+00:00 INFO Finished wc_update_300_settings callback
2017-05-24T15:19:50+00:00 INFO Running wc_update_300_product_visibility callback
2017-05-24T15:19:50+00:00 INFO Finished wc_update_300_product_visibility callback
2017-05-24T15:19:50+00:00 INFO Running wc_update_300_db_version callback
2017-05-24T15:19:50+00:00 INFO Finished wc_update_300_db_version callback
2017-05-24T15:19:50+00:00 INFO Data update complete
